2025-11-28T01:05:40.603-05:00  INFO 19712 --- [bdv1] [SpringApplicationShutdownHook] o.s.b.w.e.tomcat.GracefulShutdown        : Commencing graceful shutdown. Waiting for active requests to complete
2025-11-28T01:05:41.031-05:00  INFO 19712 --- [bdv1] [tomcat-shutdown] o.s.b.w.e.tomcat.GracefulShutdown        : Graceful shutdown complete
2025-11-28T01:05:41.216-05:00  INFO 19712 --- [bdv1] [SpringApplicationShutdownHook] j.LocalContainerEntityManagerFactoryBean : Closing JPA EntityManagerFactory for persistence unit 'default'
2025-11-28T01:05:41.376-05:00  INFO 19712 --- [bdv1] [SpringApplicationShutdownHook] com.zaxxer.hikari.HikariDataSource       : HikariPool-1 - Shutdown initiated...
2025-11-28T01:05:41.473-05:00  INFO 19712 --- [bdv1] [SpringApplicationShutdownHook] com.zaxxer.hikari.HikariDataSource       : HikariPool-1 - Shutdown completed.
2025-11-28T13:07:09.899-05:00  INFO 13020 --- [bdv1] [main] com.example.bdv1.Bdv1Application         : Starting Bdv1Application using Java 21.0.7 with PID 13020 (C:\Users\ACER\Downloads\bdv1-main\bdv1-main\target\classes started by ACER in C:\Users\ACER\Downloads\bdv1-main\bdv1-main)
2025-11-28T13:07:09.908-05:00  INFO 13020 --- [bdv1] [main] com.example.bdv1.Bdv1Application         : No active profile set, falling back to 1 default profile: "default"
2025-11-28T13:07:12.722-05:00  INFO 13020 --- [bdv1] [main] .s.d.r.c.RepositoryConfigurationDelegate : Bootstrapping Spring Data JPA repositories in DEFAULT mode.
2025-11-28T13:07:13.180-05:00  INFO 13020 --- [bdv1] [main] .s.d.r.c.RepositoryConfigurationDelegate : Finished Spring Data repository scanning in 436 ms. Found 20 JPA repository interfaces.
2025-11-28T13:07:14.516-05:00  INFO 13020 --- [bdv1] [main] o.s.b.w.embedded.tomcat.TomcatWebServer  : Tomcat initialized with port 9090 (http)
2025-11-28T13:07:14.534-05:00  INFO 13020 --- [bdv1] [main] o.apache.catalina.core.StandardService   : Starting service [Tomcat]
2025-11-28T13:07:14.534-05:00  INFO 13020 --- [bdv1] [main] o.apache.catalina.core.StandardEngine    : Starting Servlet engine: [Apache Tomcat/10.1.49]
2025-11-28T13:07:14.630-05:00  INFO 13020 --- [bdv1] [main] o.a.c.c.C.[.[localhost].[/api/v1]        : Initializing Spring embedded WebApplicationContext
2025-11-28T13:07:14.632-05:00  INFO 13020 --- [bdv1] [main] w.s.c.ServletWebServerApplicationContext : Root WebApplicationContext: initialization completed in 4608 ms
2025-11-28T13:07:14.927-05:00  INFO 13020 --- [bdv1] [main] o.hibernate.jpa.internal.util.LogHelper  : HHH000204: Processing PersistenceUnitInfo [name: default]
2025-11-28T13:07:15.003-05:00  INFO 13020 --- [bdv1] [main] org.hibernate.Version                    : HHH000412: Hibernate ORM core version 6.6.36.Final
2025-11-28T13:07:15.049-05:00  INFO 13020 --- [bdv1] [main] o.h.c.internal.RegionFactoryInitiator    : HHH000026: Second-level cache disabled
2025-11-28T13:07:15.530-05:00  INFO 13020 --- [bdv1] [main] o.s.o.j.p.SpringPersistenceUnitInfo      : No LoadTimeWeaver setup: ignoring JPA class transformer
2025-11-28T13:07:15.570-05:00  INFO 13020 --- [bdv1] [main] com.zaxxer.hikari.HikariDataSource       : HikariPool-1 - Starting...
2025-11-28T13:07:16.679-05:00  INFO 13020 --- [bdv1] [main] com.zaxxer.hikari.pool.HikariPool        : HikariPool-1 - Added connection oracle.jdbc.driver.T4CConnection@2cadcff6
2025-11-28T13:07:16.683-05:00  INFO 13020 --- [bdv1] [main] com.zaxxer.hikari.HikariDataSource       : HikariPool-1 - Start completed.
2025-11-28T13:07:16.941-05:00  WARN 13020 --- [bdv1] [main] org.hibernate.orm.deprecation            : HHH90000025: OracleDialect does not need to be specified explicitly using 'hibernate.dialect' (remove the property setting and it will be selected by default)
2025-11-28T13:07:17.529-05:00  INFO 13020 --- [bdv1] [main] org.hibernate.orm.connections.pooling    : HHH10001005: Database info:
	Database JDBC URL [Connecting through datasource 'HikariDataSource (HikariPool-1)']
	Database driver: undefined/unknown
	Database version: 21.3
	Autocommit mode: undefined/unknown
	Isolation level: undefined/unknown
	Minimum pool size: undefined/unknown
	Maximum pool size: undefined/unknown
2025-11-28T13:07:19.567-05:00  INFO 13020 --- [bdv1] [main] o.h.e.t.j.p.i.JtaPlatformInitiator       : HHH000489: No JTA platform available (set 'hibernate.transaction.jta.platform' to enable JTA platform integration)
2025-11-28T13:07:21.173-05:00  INFO 13020 --- [bdv1] [main] j.LocalContainerEntityManagerFactoryBean : Initialized JPA EntityManagerFactory for persistence unit 'default'
2025-11-28T13:07:22.635-05:00  INFO 13020 --- [bdv1] [main] eAuthenticationProviderManagerConfigurer : Global AuthenticationManager configured with AuthenticationProvider bean with name authenticationProvider
2025-11-28T13:07:22.638-05:00  WARN 13020 --- [bdv1] [main] r$InitializeUserDetailsManagerConfigurer : Global AuthenticationManager configured with an AuthenticationProvider bean. UserDetailsService beans will not be used by Spring Security for automatically configuring username/password login. Consider removing the AuthenticationProvider bean. Alternatively, consider using the UserDetailsService in a manually instantiated DaoAuthenticationProvider. If the current configuration is intentional, to turn off this warning, increase the logging level of 'org.springframework.security.config.annotation.authentication.configuration.InitializeUserDetailsBeanManagerConfigurer' to ERROR
2025-11-28T13:07:24.288-05:00  INFO 13020 --- [bdv1] [main] o.s.b.w.embedded.tomcat.TomcatWebServer  : Tomcat started on port 9090 (http) with context path '/api/v1'
2025-11-28T13:07:24.307-05:00  INFO 13020 --- [bdv1] [main] com.example.bdv1.Bdv1Application         : Started Bdv1Application in 15.442 seconds (process running for 17.257)
2025-11-28T13:08:35.580-05:00  INFO 13020 --- [bdv1] [http-nio-9090-exec-1] o.a.c.c.C.[.[localhost].[/api/v1]        : Initializing Spring DispatcherServlet 'dispatcherServlet'
2025-11-28T13:08:35.581-05:00  INFO 13020 --- [bdv1] [http-nio-9090-exec-1] o.s.web.servlet.DispatcherServlet        : Initializing Servlet 'dispatcherServlet'
2025-11-28T13:08:35.585-05:00  INFO 13020 --- [bdv1] [http-nio-9090-exec-1] o.s.web.servlet.DispatcherServlet        : Completed initialization in 3 ms
2025-11-28T13:20:29.225-05:00  INFO 13020 --- [bdv1] [SpringApplicationShutdownHook] o.s.b.w.e.tomcat.GracefulShutdown        : Commencing graceful shutdown. Waiting for active requests to complete
2025-11-28T13:20:29.259-05:00  INFO 13020 --- [bdv1] [tomcat-shutdown] o.s.b.w.e.tomcat.GracefulShutdown        : Graceful shutdown complete
2025-11-28T13:20:29.295-05:00  INFO 13020 --- [bdv1] [SpringApplicationShutdownHook] j.LocalContainerEntityManagerFactoryBean : Closing JPA EntityManagerFactory for persistence unit 'default'
2025-11-28T13:20:29.336-05:00  INFO 13020 --- [bdv1] [SpringApplicationShutdownHook] com.zaxxer.hikari.HikariDataSource       : HikariPool-1 - Shutdown initiated...
2025-11-28T13:20:29.507-05:00  INFO 13020 --- [bdv1] [SpringApplicationShutdownHook] com.zaxxer.hikari.HikariDataSource       : HikariPool-1 - Shutdown completed.
2025-11-28T13:20:38.420-05:00  INFO 7308 --- [bdv1] [main] com.example.bdv1.Bdv1Application         : Starting Bdv1Application using Java 21.0.7 with PID 7308 (C:\Users\ACER\Downloads\bdv1-main\bdv1-main\target\classes started by ACER in C:\Users\ACER\Downloads\bdv1-main\bdv1-main)
2025-11-28T13:20:38.425-05:00  INFO 7308 --- [bdv1] [main] com.example.bdv1.Bdv1Application         : No active profile set, falling back to 1 default profile: "default"
2025-11-28T13:20:41.031-05:00  INFO 7308 --- [bdv1] [main] .s.d.r.c.RepositoryConfigurationDelegate : Bootstrapping Spring Data JPA repositories in DEFAULT mode.
2025-11-28T13:20:41.318-05:00  INFO 7308 --- [bdv1] [main] .s.d.r.c.RepositoryConfigurationDelegate : Finished Spring Data repository scanning in 274 ms. Found 20 JPA repository interfaces.
2025-11-28T13:20:43.620-05:00  INFO 7308 --- [bdv1] [main] o.s.b.w.embedded.tomcat.TomcatWebServer  : Tomcat initialized with port 9090 (http)
2025-11-28T13:20:43.773-05:00  INFO 7308 --- [bdv1] [main] o.apache.catalina.core.StandardService   : Starting service [Tomcat]
2025-11-28T13:20:43.775-05:00  INFO 7308 --- [bdv1] [main] o.apache.catalina.core.StandardEngine    : Starting Servlet engine: [Apache Tomcat/10.1.49]
2025-11-28T13:20:44.929-05:00  INFO 7308 --- [bdv1] [main] o.a.c.c.C.[.[localhost].[/api/v1]        : Initializing Spring embedded WebApplicationContext
2025-11-28T13:20:44.932-05:00  INFO 7308 --- [bdv1] [main] w.s.c.ServletWebServerApplicationContext : Root WebApplicationContext: initialization completed in 6346 ms
2025-11-28T13:20:45.945-05:00  INFO 7308 --- [bdv1] [main] o.hibernate.jpa.internal.util.LogHelper  : HHH000204: Processing PersistenceUnitInfo [name: default]
2025-11-28T13:20:46.078-05:00  INFO 7308 --- [bdv1] [main] org.hibernate.Version                    : HHH000412: Hibernate ORM core version 6.6.36.Final
2025-11-28T13:20:46.128-05:00  INFO 7308 --- [bdv1] [main] o.h.c.internal.RegionFactoryInitiator    : HHH000026: Second-level cache disabled
2025-11-28T13:20:47.254-05:00  INFO 7308 --- [bdv1] [main] o.s.o.j.p.SpringPersistenceUnitInfo      : No LoadTimeWeaver setup: ignoring JPA class transformer
2025-11-28T13:20:47.443-05:00  INFO 7308 --- [bdv1] [main] com.zaxxer.hikari.HikariDataSource       : HikariPool-1 - Starting...
2025-11-28T13:20:48.502-05:00  INFO 7308 --- [bdv1] [main] com.zaxxer.hikari.pool.HikariPool        : HikariPool-1 - Added connection oracle.jdbc.driver.T4CConnection@56c6d515
2025-11-28T13:20:48.505-05:00  INFO 7308 --- [bdv1] [main] com.zaxxer.hikari.HikariDataSource       : HikariPool-1 - Start completed.
2025-11-28T13:20:48.950-05:00  WARN 7308 --- [bdv1] [main] org.hibernate.orm.deprecation            : HHH90000025: OracleDialect does not need to be specified explicitly using 'hibernate.dialect' (remove the property setting and it will be selected by default)
2025-11-28T13:20:49.234-05:00  INFO 7308 --- [bdv1] [main] org.hibernate.orm.connections.pooling    : HHH10001005: Database info:
	Database JDBC URL [Connecting through datasource 'HikariDataSource (HikariPool-1)']
	Database driver: undefined/unknown
	Database version: 21.3
	Autocommit mode: undefined/unknown
	Isolation level: undefined/unknown
	Minimum pool size: undefined/unknown
	Maximum pool size: undefined/unknown
2025-11-28T13:20:51.798-05:00  INFO 7308 --- [bdv1] [main] o.h.e.t.j.p.i.JtaPlatformInitiator       : HHH000489: No JTA platform available (set 'hibernate.transaction.jta.platform' to enable JTA platform integration)
2025-11-28T13:20:53.143-05:00  INFO 7308 --- [bdv1] [main] j.LocalContainerEntityManagerFactoryBean : Initialized JPA EntityManagerFactory for persistence unit 'default'
2025-11-28T13:20:54.883-05:00  INFO 7308 --- [bdv1] [main] eAuthenticationProviderManagerConfigurer : Global AuthenticationManager configured with AuthenticationProvider bean with name authenticationProvider
2025-11-28T13:20:54.884-05:00  WARN 7308 --- [bdv1] [main] r$InitializeUserDetailsManagerConfigurer : Global AuthenticationManager configured with an AuthenticationProvider bean. UserDetailsService beans will not be used by Spring Security for automatically configuring username/password login. Consider removing the AuthenticationProvider bean. Alternatively, consider using the UserDetailsService in a manually instantiated DaoAuthenticationProvider. If the current configuration is intentional, to turn off this warning, increase the logging level of 'org.springframework.security.config.annotation.authentication.configuration.InitializeUserDetailsBeanManagerConfigurer' to ERROR
2025-11-28T13:20:56.871-05:00  INFO 7308 --- [bdv1] [main] o.s.b.w.embedded.tomcat.TomcatWebServer  : Tomcat started on port 9090 (http) with context path '/api/v1'
2025-11-28T13:20:56.879-05:00  INFO 7308 --- [bdv1] [main] com.example.bdv1.Bdv1Application         : Started Bdv1Application in 19.492 seconds (process running for 20.889)
2025-11-28T13:25:16.816-05:00  INFO 7308 --- [bdv1] [http-nio-9090-exec-2] o.a.c.c.C.[.[localhost].[/api/v1]        : Initializing Spring DispatcherServlet 'dispatcherServlet'
2025-11-28T13:25:16.822-05:00  INFO 7308 --- [bdv1] [http-nio-9090-exec-2] o.s.web.servlet.DispatcherServlet        : Initializing Servlet 'dispatcherServlet'
2025-11-28T13:25:16.873-05:00  INFO 7308 --- [bdv1] [http-nio-9090-exec-2] o.s.web.servlet.DispatcherServlet        : Completed initialization in 50 ms
2025-11-28T14:06:47.846-05:00  INFO 7308 --- [bdv1] [SpringApplicationShutdownHook] o.s.b.w.e.tomcat.GracefulShutdown        : Commencing graceful shutdown. Waiting for active requests to complete
2025-11-28T14:06:48.033-05:00  INFO 7308 --- [bdv1] [tomcat-shutdown] o.s.b.w.e.tomcat.GracefulShutdown        : Graceful shutdown complete
2025-11-28T14:06:48.106-05:00  INFO 7308 --- [bdv1] [SpringApplicationShutdownHook] j.LocalContainerEntityManagerFactoryBean : Closing JPA EntityManagerFactory for persistence unit 'default'
2025-11-28T14:06:48.159-05:00  INFO 7308 --- [bdv1] [SpringApplicationShutdownHook] com.zaxxer.hikari.HikariDataSource       : HikariPool-1 - Shutdown initiated...
2025-11-28T14:06:48.228-05:00  INFO 7308 --- [bdv1] [SpringApplicationShutdownHook] com.zaxxer.hikari.HikariDataSource       : HikariPool-1 - Shutdown completed.
2025-11-28T14:15:19.544-05:00  INFO 21608 --- [bdv1] [main] com.example.bdv1.Bdv1Application         : Starting Bdv1Application using Java 21.0.7 with PID 21608 (C:\Users\ACER\Downloads\bdv1-main\bdv1-main\target\classes started by ACER in C:\Users\ACER\Downloads\bdv1-main\bdv1-main)
2025-11-28T14:15:19.547-05:00  INFO 21608 --- [bdv1] [main] com.example.bdv1.Bdv1Application         : No active profile set, falling back to 1 default profile: "default"
2025-11-28T14:15:21.160-05:00  INFO 21608 --- [bdv1] [main] .s.d.r.c.RepositoryConfigurationDelegate : Bootstrapping Spring Data JPA repositories in DEFAULT mode.
2025-11-28T14:15:21.371-05:00  INFO 21608 --- [bdv1] [main] .s.d.r.c.RepositoryConfigurationDelegate : Finished Spring Data repository scanning in 198 ms. Found 20 JPA repository interfaces.
2025-11-28T14:15:22.081-05:00  INFO 21608 --- [bdv1] [main] o.s.b.w.embedded.tomcat.TomcatWebServer  : Tomcat initialized with port 9090 (http)
2025-11-28T14:15:22.100-05:00  INFO 21608 --- [bdv1] [main] o.apache.catalina.core.StandardService   : Starting service [Tomcat]
2025-11-28T14:15:22.100-05:00  INFO 21608 --- [bdv1] [main] o.apache.catalina.core.StandardEngine    : Starting Servlet engine: [Apache Tomcat/10.1.49]
2025-11-28T14:15:22.186-05:00  INFO 21608 --- [bdv1] [main] o.a.c.c.C.[.[localhost].[/api/v1]        : Initializing Spring embedded WebApplicationContext
2025-11-28T14:15:22.187-05:00  INFO 21608 --- [bdv1] [main] w.s.c.ServletWebServerApplicationContext : Root WebApplicationContext: initialization completed in 2584 ms
2025-11-28T14:15:22.444-05:00  INFO 21608 --- [bdv1] [main] o.hibernate.jpa.internal.util.LogHelper  : HHH000204: Processing PersistenceUnitInfo [name: default]
2025-11-28T14:15:22.528-05:00  INFO 21608 --- [bdv1] [main] org.hibernate.Version                    : HHH000412: Hibernate ORM core version 6.6.36.Final
2025-11-28T14:15:22.570-05:00  INFO 21608 --- [bdv1] [main] o.h.c.internal.RegionFactoryInitiator    : HHH000026: Second-level cache disabled
2025-11-28T14:15:22.896-05:00  INFO 21608 --- [bdv1] [main] o.s.o.j.p.SpringPersistenceUnitInfo      : No LoadTimeWeaver setup: ignoring JPA class transformer
2025-11-28T14:15:22.937-05:00  INFO 21608 --- [bdv1] [main] com.zaxxer.hikari.HikariDataSource       : HikariPool-1 - Starting...
2025-11-28T14:15:23.485-05:00  INFO 21608 --- [bdv1] [main] com.zaxxer.hikari.pool.HikariPool        : HikariPool-1 - Added connection oracle.jdbc.driver.T4CConnection@2b6b487c
2025-11-28T14:15:23.487-05:00  INFO 21608 --- [bdv1] [main] com.zaxxer.hikari.HikariDataSource       : HikariPool-1 - Start completed.
2025-11-28T14:15:23.663-05:00  WARN 21608 --- [bdv1] [main] org.hibernate.orm.deprecation            : HHH90000025: OracleDialect does not need to be specified explicitly using 'hibernate.dialect' (remove the property setting and it will be selected by default)
2025-11-28T14:15:23.823-05:00  INFO 21608 --- [bdv1] [main] org.hibernate.orm.connections.pooling    : HHH10001005: Database info:
	Database JDBC URL [Connecting through datasource 'HikariDataSource (HikariPool-1)']
	Database driver: undefined/unknown
	Database version: 21.3
	Autocommit mode: undefined/unknown
	Isolation level: undefined/unknown
	Minimum pool size: undefined/unknown
	Maximum pool size: undefined/unknown
2025-11-28T14:15:25.420-05:00  INFO 21608 --- [bdv1] [main] o.h.e.t.j.p.i.JtaPlatformInitiator       : HHH000489: No JTA platform available (set 'hibernate.transaction.jta.platform' to enable JTA platform integration)
2025-11-28T14:15:25.840-05:00  INFO 21608 --- [bdv1] [main] j.LocalContainerEntityManagerFactoryBean : Initialized JPA EntityManagerFactory for persistence unit 'default'
2025-11-28T14:15:26.970-05:00  INFO 21608 --- [bdv1] [main] eAuthenticationProviderManagerConfigurer : Global AuthenticationManager configured with AuthenticationProvider bean with name authenticationProvider
2025-11-28T14:15:26.971-05:00  WARN 21608 --- [bdv1] [main] r$InitializeUserDetailsManagerConfigurer : Global AuthenticationManager configured with an AuthenticationProvider bean. UserDetailsService beans will not be used by Spring Security for automatically configuring username/password login. Consider removing the AuthenticationProvider bean. Alternatively, consider using the UserDetailsService in a manually instantiated DaoAuthenticationProvider. If the current configuration is intentional, to turn off this warning, increase the logging level of 'org.springframework.security.config.annotation.authentication.configuration.InitializeUserDetailsBeanManagerConfigurer' to ERROR
2025-11-28T14:15:27.826-05:00  INFO 21608 --- [bdv1] [main] o.s.b.w.embedded.tomcat.TomcatWebServer  : Tomcat started on port 9090 (http) with context path '/api/v1'
2025-11-28T14:15:27.835-05:00  INFO 21608 --- [bdv1] [main] com.example.bdv1.Bdv1Application         : Started Bdv1Application in 9.067 seconds (process running for 10.331)
2025-11-28T14:22:18.131-05:00  INFO 21608 --- [bdv1] [http-nio-9090-exec-1] o.a.c.c.C.[.[localhost].[/api/v1]        : Initializing Spring DispatcherServlet 'dispatcherServlet'
2025-11-28T14:22:18.131-05:00  INFO 21608 --- [bdv1] [http-nio-9090-exec-1] o.s.web.servlet.DispatcherServlet        : Initializing Servlet 'dispatcherServlet'
2025-11-28T14:22:18.194-05:00  INFO 21608 --- [bdv1] [http-nio-9090-exec-1] o.s.web.servlet.DispatcherServlet        : Completed initialization in 63 ms
2025-11-28T14:30:10.179-05:00  INFO 21608 --- [bdv1] [SpringApplicationShutdownHook] o.s.b.w.e.tomcat.GracefulShutdown        : Commencing graceful shutdown. Waiting for active requests to complete
2025-11-28T14:30:10.238-05:00  INFO 21608 --- [bdv1] [tomcat-shutdown] o.s.b.w.e.tomcat.GracefulShutdown        : Graceful shutdown complete
2025-11-28T14:30:10.290-05:00  INFO 21608 --- [bdv1] [SpringApplicationShutdownHook] j.LocalContainerEntityManagerFactoryBean : Closing JPA EntityManagerFactory for persistence unit 'default'
2025-11-28T14:30:10.333-05:00  INFO 21608 --- [bdv1] [SpringApplicationShutdownHook] com.zaxxer.hikari.HikariDataSource       : HikariPool-1 - Shutdown initiated...
2025-11-28T14:30:10.456-05:00  INFO 21608 --- [bdv1] [SpringApplicationShutdownHook] com.zaxxer.hikari.HikariDataSource       : HikariPool-1 - Shutdown completed.
